<?xml version="1.0" encoding="UTF-8"?>
<testng-results ignored="0" total="8" passed="7" failed="1" skipped="0">
  <reporter-output>
  </reporter-output>
  <suite started-at="2023-09-04T21:25:13 IST" name="Default suite" finished-at="2023-09-04T21:25:13 IST" duration-ms="81">
    <groups>
    </groups>
    <test started-at="2023-09-04T21:25:13 IST" name="Default test" finished-at="2023-09-04T21:25:13 IST" duration-ms="81">
      <class name="Java_tests.Stage1Tests">
        <test-method signature="verifyAccountDataTypeError()[pri:0, instance:Java_tests.Stage1Tests@4ac3c60d]" started-at="2023-09-04T21:25:13 IST" name="verifyAccountDataTypeError" description="Account data type error" finished-at="2023-09-04T21:25:13 IST" duration-ms="18" status="PASS">
          <reporter-output>
          </reporter-output>
        </test-method> <!-- verifyAccountDataTypeError -->
        <test-method signature="verifyDOBDataTypeError()[pri:0, instance:Java_tests.Stage1Tests@4ac3c60d]" started-at="2023-09-04T21:25:13 IST" name="verifyDOBDataTypeError" description="DOB data type error" finished-at="2023-09-04T21:25:13 IST" duration-ms="4" status="FAIL">
          <exception class="java.lang.AssertionError">
            <message>
              <![CDATA[null]]>
            </message>
            <full-stacktrace>
              <![CDATA[java.lang.AssertionError: null
at org.testng.Assert.fail(Assert.java:99)
at org.testng.Assert.fail(Assert.java:106)
at Java_tests.Stage1Tests.verifyDOBDataTypeError(Stage1Tests.java:171)
at java.base/jdk.internal.reflect.NativeMethodAccessorImpl.invoke0(Native Method)
at java.base/jdk.internal.reflect.NativeMethodAccessorImpl.invoke(NativeMethodAccessorImpl.java:77)
at java.base/jdk.internal.reflect.DelegatingMethodAccessorImpl.invoke(DelegatingMethodAccessorImpl.java:43)
at java.base/java.lang.reflect.Method.invoke(Method.java:568)
at org.testng.internal.MethodInvocationHelper.invokeMethod(MethodInvocationHelper.java:133)
at org.testng.internal.TestInvoker.invokeMethod(TestInvoker.java:598)
at org.testng.internal.TestInvoker.invokeTestMethod(TestInvoker.java:173)
at org.testng.internal.MethodRunner.runInSequence(MethodRunner.java:46)
at org.testng.internal.TestInvoker$MethodInvocationAgent.invoke(TestInvoker.java:824)
at org.testng.internal.TestInvoker.invokeTestMethods(TestInvoker.java:146)
at org.testng.internal.TestMethodWorker.invokeTestMethods(TestMethodWorker.java:146)
at org.testng.internal.TestMethodWorker.run(TestMethodWorker.java:128)
at java.base/java.util.ArrayList.forEach(ArrayList.java:1511)
at org.testng.TestRunner.privateRun(TestRunner.java:794)
at org.testng.TestRunner.run(TestRunner.java:596)
at org.testng.SuiteRunner.runTest(SuiteRunner.java:377)
at org.testng.SuiteRunner.runSequentially(SuiteRunner.java:371)
at org.testng.SuiteRunner.privateRun(SuiteRunner.java:332)
at org.testng.SuiteRunner.run(SuiteRunner.java:276)
at org.testng.SuiteRunnerWorker.runSuite(SuiteRunnerWorker.java:53)
at org.testng.SuiteRunnerWorker.run(SuiteRunnerWorker.java:96)
at org.testng.TestNG.runSuitesSequentially(TestNG.java:1212)
at org.testng.TestNG.runSuitesLocally(TestNG.java:1134)
at org.testng.TestNG.runSuites(TestNG.java:1063)
at org.testng.TestNG.run(TestNG.java:1031)
at org.testng.remote.AbstractRemoteTestNG.run(AbstractRemoteTestNG.java:115)
at org.testng.remote.RemoteTestNG.initAndRun(RemoteTestNG.java:251)
at org.testng.remote.RemoteTestNG.main(RemoteTestNG.java:77)
]]>
            </full-stacktrace>
          </exception> <!-- java.lang.AssertionError -->
          <reporter-output>
          </reporter-output>
        </test-method> <!-- verifyDOBDataTypeError -->
        <test-method signature="verifyMissingRecords()[pri:0, instance:Java_tests.Stage1Tests@4ac3c60d]" started-at="2023-09-04T21:25:13 IST" name="verifyMissingRecords" description="For missing data value" finished-at="2023-09-04T21:25:13 IST" duration-ms="10" status="PASS">
          <reporter-output>
          </reporter-output>
        </test-method> <!-- verifyMissingRecords -->
        <test-method signature="verifyNoDuplicateData()[pri:0, instance:Java_tests.Stage1Tests@4ac3c60d]" started-at="2023-09-04T21:25:13 IST" name="verifyNoDuplicateData" description="duplicate data" finished-at="2023-09-04T21:25:13 IST" duration-ms="2" status="PASS">
          <reporter-output>
          </reporter-output>
        </test-method> <!-- verifyNoDuplicateData -->
        <test-method signature="verifyNoDuplicateHeaderFields()[pri:0, instance:Java_tests.Stage1Tests@4ac3c60d]" started-at="2023-09-04T21:25:13 IST" name="verifyNoDuplicateHeaderFields" description="duplicate header field" finished-at="2023-09-04T21:25:13 IST" duration-ms="1" status="PASS">
          <reporter-output>
          </reporter-output>
        </test-method> <!-- verifyNoDuplicateHeaderFields -->
        <test-method signature="verifyNoNullFields()[pri:0, instance:Java_tests.Stage1Tests@4ac3c60d]" started-at="2023-09-04T21:25:13 IST" name="verifyNoNullFields" description="missing header field" finished-at="2023-09-04T21:25:13 IST" duration-ms="2" status="PASS">
          <reporter-output>
          </reporter-output>
        </test-method> <!-- verifyNoNullFields -->
        <test-method signature="verifyPanNoDataTypeError()[pri:0, instance:Java_tests.Stage1Tests@4ac3c60d]" started-at="2023-09-04T21:25:13 IST" name="verifyPanNoDataTypeError" description="PanNo data type error" finished-at="2023-09-04T21:25:13 IST" duration-ms="2" status="PASS">
          <reporter-output>
          </reporter-output>
        </test-method> <!-- verifyPanNoDataTypeError -->
        <test-method signature="verifyUniqueCSVFileInFolder()[pri:0, instance:Java_tests.Stage1Tests@4ac3c60d]" started-at="2023-09-04T21:25:13 IST" name="verifyUniqueCSVFileInFolder" description="test for file count mismatch" finished-at="2023-09-04T21:25:13 IST" duration-ms="2" status="PASS">
          <reporter-output>
          </reporter-output>
        </test-method> <!-- verifyUniqueCSVFileInFolder -->
      </class> <!-- Java_tests.Stage1Tests -->
    </test> <!-- Default test -->
  </suite> <!-- Default suite -->
</testng-results>
